[11:22:31.775] INICIO_SIMULACION
[11:22:31.786] CREAR_PROCESO | PID=1 | State=NEW
[11:22:31.786] SCHEDULE | PID=1 | State=RUNNING
[11:22:31.787] FIN_SIMULACION
[21:02:55.152] CREAR_PROCESO | PID=1 | arrival=4 | burst=4
[21:02:55.152] CREAR_PROCESO | PID=2 | arrival=5 | burst=5
[21:02:55.152] CREAR_PROCESO | PID=3 | arrival=4 | burst=5
[21:02:55.152] INICIO_SIMULACION
[21:02:55.152] TICK | t=1 | PID=1 | rem=3
[21:02:55.152] TICK | t=2 | PID=1 | rem=2
[21:02:55.158] TICK | t=3 | PID=1 | rem=1
[21:02:55.158] TICK | t=4 | PID=1 | rem=0
[21:02:55.158] TICK | t=5 | PID=2 | rem=4
[21:02:55.158] TICK | t=6 | PID=2 | rem=3
[21:02:55.158] TICK | t=7 | PID=2 | rem=2
[21:02:55.158] TICK | t=8 | PID=2 | rem=1
[21:02:55.158] TICK | t=9 | PID=2 | rem=0
[21:02:55.159] TICK | t=10 | PID=3 | rem=4
[21:02:55.159] TICK | t=11 | PID=3 | rem=3
[21:02:55.159] TICK | t=12 | PID=3 | rem=2
[21:02:55.159] TICK | t=13 | PID=3 | rem=1
[21:02:55.159] TICK | t=14 | PID=3 | rem=0
[21:02:55.159] FIN_SIMULACION
[21:04:02.969] INICIO_SIMULACION
[21:04:02.975] CREAR_PROCESO | PID=1 | State=NEW
[21:04:02.975] SCHEDULE | PID=1 | State=RUNNING
[21:04:02.975] FIN_SIMULACION
[21:05:40.564] INICIO_SIMULACION
[21:05:40.570] CREAR_PROCESO | PID=1 | State=NEW
[21:05:40.571] SCHEDULE | PID=1 | State=RUNNING
[21:05:40.571] FIN_SIMULACION
[21:06:05.869] CREAR_PROCESO | PID=1 | arrival=1 | burst=1
[21:06:05.870] CREAR_PROCESO | PID=2 | arrival=5 | burst=2
[21:06:05.870] CREAR_PROCESO | PID=3 | arrival=2 | burst=1
[21:06:05.870] INICIO_SIMULACION
[21:06:05.870] TICK | t=1 | PID=1 | rem=0
[21:06:05.870] TICK | t=2 | PID=2 | rem=1
[21:06:05.870] TICK | t=3 | PID=2 | rem=0
[21:06:05.870] TICK | t=4 | PID=3 | rem=0
[21:06:05.870] FIN_SIMULACION
