TIMESTAMP               | EVENTO             |    PID | ESTADO       |    CPU% |       MEM | ALGORITMO    |  QUANTUM | DETALLE
------------------------+--------------------+--------+--------------+---------+-----------+--------------+----------+-----------------------------
2025-09-07 23:59:17.215 | INICIO_SIMULACION  |      - | READY        |       - |         - | SJF          |        - | tickMs=500, probNuevo=0.35
2025-09-07 23:59:19.192 | IDLE               |      - | IDLE         |       - |         - | SJF          |        - | sin procesos listos
2025-09-07 23:59:19.693 | IDLE               |      - | IDLE         |       - |         - | SJF          |        - | sin procesos listos
2025-09-07 23:59:20.192 | IDLE               |      - | IDLE         |       - |         - | SJF          |        - | sin procesos listos
2025-09-07 23:59:20.692 | CREAR_PROCESO      |      1 | READY        |      0% |     132MB | SJF          |        - | rafaga=6, prioridad=5
2025-09-07 23:59:20.693 | CAMBIO_ESTADO      |      1 | READY        |      0% |     132MB | SJF          |        - | NEW→READY
2025-09-07 23:59:20.694 | CAMBIO_ESTADO      |      1 | RUNNING      |      0% |     132MB | SJF          |        - | READY→RUNNING
2025-09-07 23:59:20.695 | EJECUTAR_TICK      |      1 | RUNNING      |     99% |     281MB | SJF          |        - | rafagaRestante=5
2025-09-07 23:59:21.192 | EJECUTAR_TICK      |      1 | RUNNING      |     40% |     201MB | SJF          |        - | rafagaRestante=4
2025-09-07 23:59:21.692 | EJECUTAR_TICK      |      1 | RUNNING      |     46% |     133MB | SJF          |        - | rafagaRestante=3
2025-09-07 23:59:22.194 | CREAR_PROCESO      |      2 | READY        |      0% |     138MB | SJF          |        - | rafaga=11, prioridad=2
2025-09-07 23:59:22.194 | CAMBIO_ESTADO      |      2 | READY        |      0% |     138MB | SJF          |        - | NEW→READY
2025-09-07 23:59:22.195 | EJECUTAR_TICK      |      1 | RUNNING      |    100% |     352MB | SJF          |        - | rafagaRestante=2
2025-09-07 23:59:22.692 | EJECUTAR_TICK      |      1 | RUNNING      |     74% |      76MB | SJF          |        - | rafagaRestante=1
2025-09-07 23:59:23.193 | EJECUTAR_TICK      |      1 | RUNNING      |      0% |       0MB | SJF          |        - | rafagaRestante=0
2025-09-07 23:59:23.194 | CAMBIO_ESTADO      |      1 | TERMINATED   |      0% |       0MB | SJF          |        - | RUNNING→TERMINATED
2025-09-07 23:59:23.195 | TERMINAR_PROCESO   |      1 | TERMINATED   |      0% |       0MB | SJF          |        - | fin_natural
2025-09-07 23:59:23.693 | CAMBIO_ESTADO      |      2 | RUNNING      |      0% |     138MB | SJF          |        - | READY→RUNNING
2025-09-07 23:59:23.693 | EJECUTAR_TICK      |      2 | RUNNING      |     41% |      50MB | SJF          |        - | rafagaRestante=10
2025-09-07 23:59:24.192 | EJECUTAR_TICK      |      2 | RUNNING      |     43% |     304MB | SJF          |        - | rafagaRestante=9
2025-09-07 23:59:24.692 | CREAR_PROCESO      |      3 | READY        |      0% |     142MB | SJF          |        - | rafaga=10, prioridad=4
2025-09-07 23:59:24.693 | CAMBIO_ESTADO      |      3 | READY        |      0% |     142MB | SJF          |        - | NEW→READY
2025-09-07 23:59:24.694 | EJECUTAR_TICK      |      2 | RUNNING      |     11% |     362MB | SJF          |        - | rafagaRestante=8
2025-09-07 23:59:25.194 | EJECUTAR_TICK      |      2 | RUNNING      |     91% |      50MB | SJF          |        - | rafagaRestante=7
2025-09-07 23:59:25.694 | CREAR_PROCESO      |      4 | READY        |      0% |     166MB | SJF          |        - | rafaga=6, prioridad=3
2025-09-07 23:59:25.695 | CAMBIO_ESTADO      |      4 | READY        |      0% |     166MB | SJF          |        - | NEW→READY
2025-09-07 23:59:25.696 | CAMBIO_ESTADO      |      4 | RUNNING      |      0% |     166MB | SJF          |        - | READY→RUNNING
2025-09-07 23:59:25.697 | EJECUTAR_TICK      |      4 | RUNNING      |     28% |     131MB | SJF          |        - | rafagaRestante=5
2025-09-07 23:59:26.193 | EJECUTAR_TICK      |      4 | RUNNING      |     59% |     396MB | SJF          |        - | rafagaRestante=4
2025-09-07 23:59:26.692 | EJECUTAR_TICK      |      4 | RUNNING      |     75% |      71MB | SJF          |        - | rafagaRestante=3
2025-09-07 23:59:27.192 | EJECUTAR_TICK      |      4 | RUNNING      |     86% |      23MB | SJF          |        - | rafagaRestante=2
2025-09-07 23:59:27.692 | CREAR_PROCESO      |      5 | READY        |      0% |     189MB | SJF          |        - | rafaga=9, prioridad=1
2025-09-07 23:59:27.693 | CAMBIO_ESTADO      |      5 | READY        |      0% |     189MB | SJF          |        - | NEW→READY
2025-09-07 23:59:27.694 | EJECUTAR_TICK      |      4 | RUNNING      |     80% |     485MB | SJF          |        - | rafagaRestante=1
2025-09-07 23:59:28.192 | EJECUTAR_TICK      |      4 | RUNNING      |      0% |       0MB | SJF          |        - | rafagaRestante=0
2025-09-07 23:59:28.192 | CAMBIO_ESTADO      |      4 | TERMINATED   |      0% |       0MB | SJF          |        - | RUNNING→TERMINATED
2025-09-07 23:59:28.193 | TERMINAR_PROCESO   |      4 | TERMINATED   |      0% |       0MB | SJF          |        - | fin_natural
2025-09-07 23:59:28.693 | EJECUTAR_TICK      |      2 | RUNNING      |     78% |      61MB | SJF          |        - | rafagaRestante=6
2025-09-07 23:59:29.192 | EJECUTAR_TICK      |      2 | RUNNING      |     24% |     278MB | SJF          |        - | rafagaRestante=5
2025-09-07 23:59:29.693 | EJECUTAR_TICK      |      2 | RUNNING      |     51% |     313MB | SJF          |        - | rafagaRestante=4
2025-09-07 23:59:30.192 | CREAR_PROCESO      |      6 | READY        |      0% |     189MB | SJF          |        - | rafaga=5, prioridad=5
2025-09-07 23:59:30.193 | CAMBIO_ESTADO      |      6 | READY        |      0% |     189MB | SJF          |        - | NEW→READY
2025-09-07 23:59:30.193 | EJECUTAR_TICK      |      2 | RUNNING      |     23% |     388MB | SJF          |        - | rafagaRestante=3
2025-09-07 23:59:30.692 | CREAR_PROCESO      |      7 | READY        |      0% |      75MB | SJF          |        - | rafaga=8, prioridad=2
2025-09-07 23:59:30.693 | CAMBIO_ESTADO      |      7 | READY        |      0% |      75MB | SJF          |        - | NEW→READY
2025-09-07 23:59:30.694 | EJECUTAR_TICK      |      2 | RUNNING      |     79% |      74MB | SJF          |        - | rafagaRestante=2
2025-09-07 23:59:31.193 | EJECUTAR_TICK      |      2 | RUNNING      |     37% |      78MB | SJF          |        - | rafagaRestante=1
2025-09-07 23:59:31.692 | EJECUTAR_TICK      |      2 | RUNNING      |      0% |       0MB | SJF          |        - | rafagaRestante=0
2025-09-07 23:59:31.692 | CAMBIO_ESTADO      |      2 | TERMINATED   |      0% |       0MB | SJF          |        - | RUNNING→TERMINATED
2025-09-07 23:59:31.693 | TERMINAR_PROCESO   |      2 | TERMINATED   |      0% |       0MB | SJF          |        - | fin_natural
2025-09-07 23:59:32.194 | CREAR_PROCESO      |      8 | READY        |      0% |     113MB | SJF          |        - | rafaga=10, prioridad=3
2025-09-07 23:59:32.195 | CAMBIO_ESTADO      |      8 | READY        |      0% |     113MB | SJF          |        - | NEW→READY
2025-09-07 23:59:32.195 | CAMBIO_ESTADO      |      6 | RUNNING      |      0% |     189MB | SJF          |        - | READY→RUNNING
2025-09-07 23:59:32.196 | EJECUTAR_TICK      |      6 | RUNNING      |     80% |     347MB | SJF          |        - | rafagaRestante=4
2025-09-07 23:59:32.692 | EJECUTAR_TICK      |      6 | RUNNING      |     67% |     287MB | SJF          |        - | rafagaRestante=3
2025-09-07 23:59:33.192 | EJECUTAR_TICK      |      6 | RUNNING      |     67% |      61MB | SJF          |        - | rafagaRestante=2
2025-09-07 23:59:33.693 | EJECUTAR_TICK      |      6 | RUNNING      |     43% |     361MB | SJF          |        - | rafagaRestante=1
2025-09-07 23:59:34.193 | EJECUTAR_TICK      |      6 | RUNNING      |      0% |       0MB | SJF          |        - | rafagaRestante=0
2025-09-07 23:59:34.193 | CAMBIO_ESTADO      |      6 | TERMINATED   |      0% |       0MB | SJF          |        - | RUNNING→TERMINATED
2025-09-07 23:59:34.193 | TERMINAR_PROCESO   |      6 | TERMINATED   |      0% |       0MB | SJF          |        - | fin_natural
2025-09-07 23:59:34.692 | CAMBIO_ESTADO      |      7 | RUNNING      |      0% |      75MB | SJF          |        - | READY→RUNNING
2025-09-07 23:59:34.693 | EJECUTAR_TICK      |      7 | RUNNING      |     92% |     101MB | SJF          |        - | rafagaRestante=7
2025-09-07 23:59:35.193 | EJECUTAR_TICK      |      7 | RUNNING      |     27% |      87MB | SJF          |        - | rafagaRestante=6
2025-09-07 23:59:35.351 | FIN_SIMULACION     |      - | -            |       - |         - | -            |        - | 
