TIMESTAMP               | EVENTO             |    PID | ESTADO       |    CPU% |       MEM | ALGORITMO    |  QUANTUM | DETALLE
------------------------+--------------------+--------+--------------+---------+-----------+--------------+----------+-----------------------------
2025-09-08 10:29:44.241 | INICIO_SIMULACION  |      - | READY        |       - |         - | FCFS         |        - | tickMs=500, probNuevo=0.35
2025-09-08 10:29:46.432 | IDLE               |      - | IDLE         |       - |         - | FCFS         |        - | sin procesos listos
2025-09-08 10:29:46.930 | IDLE               |      - | IDLE         |       - |         - | FCFS         |        - | sin procesos listos
2025-09-08 10:29:47.430 | IDLE               |      - | IDLE         |       - |         - | FCFS         |        - | sin procesos listos
2025-09-08 10:29:47.977 | CREAR_PROCESO      |      1 | READY        |      0% |      24MB | FCFS         |        - | rafaga=6, prioridad=5
2025-09-08 10:29:47.977 | CAMBIO_ESTADO      |      1 | READY        |      0% |      24MB | FCFS         |        - | NEW→READY
2025-09-08 10:29:47.977 | CAMBIO_ESTADO      |      1 | RUNNING      |      0% |      24MB | FCFS         |        - | READY→RUNNING
2025-09-08 10:29:47.978 | EJECUTAR_TICK      |      1 | RUNNING      |     30% |     296MB | FCFS         |        - | rafagaRestante=5
2025-09-08 10:29:48.429 | EJECUTAR_TICK      |      1 | RUNNING      |     36% |     120MB | FCFS         |        - | rafagaRestante=4
2025-09-08 10:29:48.931 | EJECUTAR_TICK      |      1 | RUNNING      |     29% |     402MB | FCFS         |        - | rafagaRestante=3
2025-09-08 10:29:49.430 | CREAR_PROCESO      |      2 | READY        |      0% |     105MB | FCFS         |        - | rafaga=11, prioridad=1
2025-09-08 10:29:49.430 | CAMBIO_ESTADO      |      2 | READY        |      0% |     105MB | FCFS         |        - | NEW→READY
2025-09-08 10:29:49.431 | EJECUTAR_TICK      |      1 | RUNNING      |     80% |     243MB | FCFS         |        - | rafagaRestante=2
2025-09-08 10:29:49.932 | CREAR_PROCESO      |      3 | READY        |      0% |     116MB | FCFS         |        - | rafaga=11, prioridad=2
2025-09-08 10:29:49.933 | CAMBIO_ESTADO      |      3 | READY        |      0% |     116MB | FCFS         |        - | NEW→READY
2025-09-08 10:29:49.934 | EJECUTAR_TICK      |      1 | RUNNING      |     90% |     122MB | FCFS         |        - | rafagaRestante=1
2025-09-08 10:29:50.432 | CREAR_PROCESO      |      4 | READY        |      0% |      25MB | FCFS         |        - | rafaga=10, prioridad=3
2025-09-08 10:29:50.433 | CAMBIO_ESTADO      |      4 | READY        |      0% |      25MB | FCFS         |        - | NEW→READY
2025-09-08 10:29:50.434 | EJECUTAR_TICK      |      1 | RUNNING      |      0% |       0MB | FCFS         |        - | rafagaRestante=0
2025-09-08 10:29:50.435 | CAMBIO_ESTADO      |      1 | TERMINATED   |      0% |       0MB | FCFS         |        - | RUNNING→TERMINATED
2025-09-08 10:29:50.436 | TERMINAR_PROCESO   |      1 | TERMINATED   |      0% |       0MB | FCFS         |        - | fin_natural
2025-09-08 10:29:50.931 | CAMBIO_ESTADO      |      2 | RUNNING      |      0% |     105MB | FCFS         |        - | READY→RUNNING
2025-09-08 10:29:50.932 | EJECUTAR_TICK      |      2 | RUNNING      |     44% |     142MB | FCFS         |        - | rafagaRestante=10
2025-09-08 10:29:51.431 | CREAR_PROCESO      |      5 | READY        |      0% |     197MB | FCFS         |        - | rafaga=9, prioridad=4
2025-09-08 10:29:51.432 | CAMBIO_ESTADO      |      5 | READY        |      0% |     197MB | FCFS         |        - | NEW→READY
2025-09-08 10:29:51.433 | EJECUTAR_TICK      |      2 | RUNNING      |     33% |      94MB | FCFS         |        - | rafagaRestante=9
2025-09-08 10:29:51.930 | EJECUTAR_TICK      |      2 | RUNNING      |     28% |     466MB | FCFS         |        - | rafagaRestante=8
2025-09-08 10:29:52.432 | CREAR_PROCESO      |      6 | READY        |      0% |     194MB | FCFS         |        - | rafaga=7, prioridad=2
2025-09-08 10:29:52.433 | CAMBIO_ESTADO      |      6 | READY        |      0% |     194MB | FCFS         |        - | NEW→READY
2025-09-08 10:29:52.434 | EJECUTAR_TICK      |      2 | RUNNING      |     82% |     175MB | FCFS         |        - | rafagaRestante=7
2025-09-08 10:29:52.932 | CREAR_PROCESO      |      7 | READY        |      0% |      16MB | FCFS         |        - | rafaga=6, prioridad=4
2025-09-08 10:29:52.933 | CAMBIO_ESTADO      |      7 | READY        |      0% |      16MB | FCFS         |        - | NEW→READY
2025-09-08 10:29:52.934 | EJECUTAR_TICK      |      2 | RUNNING      |     10% |     154MB | FCFS         |        - | rafagaRestante=6
2025-09-08 10:29:53.430 | EJECUTAR_TICK      |      2 | RUNNING      |     28% |     122MB | FCFS         |        - | rafagaRestante=5
2025-09-08 10:29:53.931 | CREAR_PROCESO      |      8 | READY        |      0% |     176MB | FCFS         |        - | rafaga=6, prioridad=3
2025-09-08 10:29:53.932 | CAMBIO_ESTADO      |      8 | READY        |      0% |     176MB | FCFS         |        - | NEW→READY
2025-09-08 10:29:53.933 | EJECUTAR_TICK      |      2 | RUNNING      |     54% |     167MB | FCFS         |        - | rafagaRestante=4
2025-09-08 10:29:54.430 | CREAR_PROCESO      |      9 | READY        |      0% |      15MB | FCFS         |        - | rafaga=9, prioridad=4
2025-09-08 10:29:54.431 | CAMBIO_ESTADO      |      9 | READY        |      0% |      15MB | FCFS         |        - | NEW→READY
2025-09-08 10:29:54.432 | EJECUTAR_TICK      |      2 | RUNNING      |     36% |     407MB | FCFS         |        - | rafagaRestante=3
2025-09-08 10:29:54.930 | EJECUTAR_TICK      |      2 | RUNNING      |     74% |     196MB | FCFS         |        - | rafagaRestante=2
2025-09-08 10:29:55.431 | EJECUTAR_TICK      |      2 | RUNNING      |     99% |     264MB | FCFS         |        - | rafagaRestante=1
2025-09-08 10:29:55.931 | EJECUTAR_TICK      |      2 | RUNNING      |      0% |       0MB | FCFS         |        - | rafagaRestante=0
2025-09-08 10:29:55.931 | CAMBIO_ESTADO      |      2 | TERMINATED   |      0% |       0MB | FCFS         |        - | RUNNING→TERMINATED
2025-09-08 10:29:55.932 | TERMINAR_PROCESO   |      2 | TERMINATED   |      0% |       0MB | FCFS         |        - | fin_natural
2025-09-08 10:29:56.431 | CREAR_PROCESO      |     10 | READY        |      0% |     127MB | FCFS         |        - | rafaga=6, prioridad=1
2025-09-08 10:29:56.431 | CAMBIO_ESTADO      |     10 | READY        |      0% |     127MB | FCFS         |        - | NEW→READY
2025-09-08 10:29:56.432 | CAMBIO_ESTADO      |      3 | RUNNING      |      0% |     116MB | FCFS         |        - | READY→RUNNING
2025-09-08 10:29:56.433 | EJECUTAR_TICK      |      3 | RUNNING      |     47% |     434MB | FCFS         |        - | rafagaRestante=10
2025-09-08 10:29:56.929 | EJECUTAR_TICK      |      3 | RUNNING      |     61% |     403MB | FCFS         |        - | rafagaRestante=9
2025-09-08 10:29:57.429 | EJECUTAR_TICK      |      3 | RUNNING      |     20% |     432MB | FCFS         |        - | rafagaRestante=8
2025-09-08 10:29:57.929 | EJECUTAR_TICK      |      3 | RUNNING      |     44% |     387MB | FCFS         |        - | rafagaRestante=7
2025-09-08 10:29:58.430 | EJECUTAR_TICK      |      3 | RUNNING      |     56% |     153MB | FCFS         |        - | rafagaRestante=6
2025-09-08 10:29:58.930 | EJECUTAR_TICK      |      3 | RUNNING      |     56% |     286MB | FCFS         |        - | rafagaRestante=5
2025-09-08 10:29:59.432 | CREAR_PROCESO      |     11 | READY        |      0% |     113MB | FCFS         |        - | rafaga=9, prioridad=2
2025-09-08 10:29:59.432 | CAMBIO_ESTADO      |     11 | READY        |      0% |     113MB | FCFS         |        - | NEW→READY
2025-09-08 10:29:59.433 | EJECUTAR_TICK      |      3 | RUNNING      |     12% |     171MB | FCFS         |        - | rafagaRestante=4
2025-09-08 10:29:59.929 | EJECUTAR_TICK      |      3 | RUNNING      |     91% |     107MB | FCFS         |        - | rafagaRestante=3
2025-09-08 10:30:00.429 | EJECUTAR_TICK      |      3 | RUNNING      |     51% |      96MB | FCFS         |        - | rafagaRestante=2
2025-09-08 10:30:00.932 | CREAR_PROCESO      |     12 | READY        |      0% |      71MB | FCFS         |        - | rafaga=5, prioridad=5
2025-09-08 10:30:00.933 | CAMBIO_ESTADO      |     12 | READY        |      0% |      71MB | FCFS         |        - | NEW→READY
2025-09-08 10:30:00.933 | EJECUTAR_TICK      |      3 | RUNNING      |     79% |     295MB | FCFS         |        - | rafagaRestante=1
2025-09-08 10:30:01.430 | EJECUTAR_TICK      |      3 | RUNNING      |      0% |       0MB | FCFS         |        - | rafagaRestante=0
2025-09-08 10:30:01.431 | CAMBIO_ESTADO      |      3 | TERMINATED   |      0% |       0MB | FCFS         |        - | RUNNING→TERMINATED
2025-09-08 10:30:01.432 | TERMINAR_PROCESO   |      3 | TERMINATED   |      0% |       0MB | FCFS         |        - | fin_natural
2025-09-08 10:30:01.931 | CREAR_PROCESO      |     13 | READY        |      0% |     171MB | FCFS         |        - | rafaga=8, prioridad=2
2025-09-08 10:30:01.932 | CAMBIO_ESTADO      |     13 | READY        |      0% |     171MB | FCFS         |        - | NEW→READY
2025-09-08 10:30:01.933 | CAMBIO_ESTADO      |      4 | RUNNING      |      0% |      25MB | FCFS         |        - | READY→RUNNING
2025-09-08 10:30:01.933 | EJECUTAR_TICK      |      4 | RUNNING      |     85% |     255MB | FCFS         |        - | rafagaRestante=9
2025-09-08 10:30:02.430 | EJECUTAR_TICK      |      4 | RUNNING      |     35% |      50MB | FCFS         |        - | rafagaRestante=8
2025-09-08 10:30:02.929 | EJECUTAR_TICK      |      4 | RUNNING      |     16% |     396MB | FCFS         |        - | rafagaRestante=7
2025-09-08 10:30:03.430 | CREAR_PROCESO      |     14 | READY        |      0% |     184MB | FCFS         |        - | rafaga=9, prioridad=1
2025-09-08 10:30:03.430 | CAMBIO_ESTADO      |     14 | READY        |      0% |     184MB | FCFS         |        - | NEW→READY
2025-09-08 10:30:03.431 | EJECUTAR_TICK      |      4 | RUNNING      |     44% |     219MB | FCFS         |        - | rafagaRestante=6
2025-09-08 10:30:03.931 | CREAR_PROCESO      |     15 | READY        |      0% |     142MB | FCFS         |        - | rafaga=10, prioridad=3
2025-09-08 10:30:03.932 | CAMBIO_ESTADO      |     15 | READY        |      0% |     142MB | FCFS         |        - | NEW→READY
2025-09-08 10:30:03.933 | EJECUTAR_TICK      |      4 | RUNNING      |     92% |      23MB | FCFS         |        - | rafagaRestante=5
2025-09-08 10:30:04.430 | EJECUTAR_TICK      |      4 | RUNNING      |     97% |     413MB | FCFS         |        - | rafagaRestante=4
2025-09-08 10:30:04.929 | EJECUTAR_TICK      |      4 | RUNNING      |     20% |      86MB | FCFS         |        - | rafagaRestante=3
2025-09-08 10:30:05.429 | EJECUTAR_TICK      |      4 | RUNNING      |     39% |     194MB | FCFS         |        - | rafagaRestante=2
2025-09-08 10:30:05.929 | EJECUTAR_TICK      |      4 | RUNNING      |     65% |     368MB | FCFS         |        - | rafagaRestante=1
2025-09-08 10:30:06.429 | EJECUTAR_TICK      |      4 | RUNNING      |      0% |       0MB | FCFS         |        - | rafagaRestante=0
2025-09-08 10:30:06.430 | CAMBIO_ESTADO      |      4 | TERMINATED   |      0% |       0MB | FCFS         |        - | RUNNING→TERMINATED
2025-09-08 10:30:06.430 | TERMINAR_PROCESO   |      4 | TERMINATED   |      0% |       0MB | FCFS         |        - | fin_natural
2025-09-08 10:30:06.930 | CAMBIO_ESTADO      |      5 | RUNNING      |      0% |     197MB | FCFS         |        - | READY→RUNNING
2025-09-08 10:30:06.931 | EJECUTAR_TICK      |      5 | RUNNING      |     55% |     485MB | FCFS         |        - | rafagaRestante=8
2025-09-08 10:30:07.429 | EJECUTAR_TICK      |      5 | RUNNING      |     97% |     102MB | FCFS         |        - | rafagaRestante=7
2025-09-08 10:30:07.929 | EJECUTAR_TICK      |      5 | RUNNING      |     44% |     158MB | FCFS         |        - | rafagaRestante=6
2025-09-08 10:30:08.429 | EJECUTAR_TICK      |      5 | RUNNING      |     12% |     137MB | FCFS         |        - | rafagaRestante=5
2025-09-08 10:30:08.929 | EJECUTAR_TICK      |      5 | RUNNING      |     39% |     478MB | FCFS         |        - | rafagaRestante=4
2025-09-08 10:30:09.429 | EJECUTAR_TICK      |      5 | RUNNING      |    100% |     346MB | FCFS         |        - | rafagaRestante=3
2025-09-08 10:30:09.929 | EJECUTAR_TICK      |      5 | RUNNING      |     64% |     279MB | FCFS         |        - | rafagaRestante=2
2025-09-08 10:30:10.430 | EJECUTAR_TICK      |      5 | RUNNING      |     33% |     236MB | FCFS         |        - | rafagaRestante=1
2025-09-08 10:30:10.597 | FIN_SIMULACION     |      - | -            |       - |         - | -            |        - | 
