TIMESTAMP               | EVENTO             |    PID | ESTADO       |    CPU% |       MEM | ALGORITMO    |  QUANTUM | DETALLE
------------------------+--------------------+--------+--------------+---------+-----------+--------------+----------+-----------------------------
2025-09-16 10:40:30.582 | INICIO_SIMULACION  |      - | READY        |       - |         - | FCFS         |        - | tickMs=500, probNuevo=0.35
2025-09-16 10:40:36.038 | IDLE               |      - | IDLE         |       - |         - | FCFS         |        - | sin procesos listos
2025-09-16 10:40:36.538 | IDLE               |      - | IDLE         |       - |         - | FCFS         |        - | sin procesos listos
2025-09-16 10:40:37.037 | IDLE               |      - | IDLE         |       - |         - | FCFS         |        - | sin procesos listos
2025-09-16 10:40:37.543 | CREAR_PROCESO      |      1 | READY        |      0% |      24MB | FCFS         |        - | rafaga=6, prioridad=5
2025-09-16 10:40:37.543 | CAMBIO_ESTADO      |      1 | READY        |      0% |      24MB | FCFS         |        - | NEW→READY
2025-09-16 10:40:37.544 | CAMBIO_ESTADO      |      1 | RUNNING      |      0% |      24MB | FCFS         |        - | READY→RUNNING
2025-09-16 10:40:37.545 | EJECUTAR_TICK      |      1 | RUNNING      |     30% |     296MB | FCFS         |        - | rafagaRestante=5
2025-09-16 10:40:38.038 | EJECUTAR_TICK      |      1 | RUNNING      |     36% |     120MB | FCFS         |        - | rafagaRestante=4
2025-09-16 10:40:38.601 | EJECUTAR_TICK      |      1 | RUNNING      |     29% |     402MB | FCFS         |        - | rafagaRestante=3
2025-09-16 10:40:39.037 | CREAR_PROCESO      |      2 | READY        |      0% |     105MB | FCFS         |        - | rafaga=11, prioridad=1
2025-09-16 10:40:39.038 | CAMBIO_ESTADO      |      2 | READY        |      0% |     105MB | FCFS         |        - | NEW→READY
2025-09-16 10:40:39.039 | EJECUTAR_TICK      |      1 | RUNNING      |     80% |     243MB | FCFS         |        - | rafagaRestante=2
2025-09-16 10:40:39.538 | CREAR_PROCESO      |      3 | READY        |      0% |     116MB | FCFS         |        - | rafaga=11, prioridad=2
2025-09-16 10:40:39.539 | CAMBIO_ESTADO      |      3 | READY        |      0% |     116MB | FCFS         |        - | NEW→READY
2025-09-16 10:40:39.540 | EJECUTAR_TICK      |      1 | RUNNING      |     90% |     122MB | FCFS         |        - | rafagaRestante=1
2025-09-16 10:40:40.037 | CREAR_PROCESO      |      4 | READY        |      0% |      25MB | FCFS         |        - | rafaga=10, prioridad=3
2025-09-16 10:40:40.038 | CAMBIO_ESTADO      |      4 | READY        |      0% |      25MB | FCFS         |        - | NEW→READY
2025-09-16 10:40:40.039 | EJECUTAR_TICK      |      1 | RUNNING      |      0% |       0MB | FCFS         |        - | rafagaRestante=0
2025-09-16 10:40:40.040 | CAMBIO_ESTADO      |      1 | TERMINATED   |      0% |       0MB | FCFS         |        - | RUNNING→TERMINATED
2025-09-16 10:40:40.041 | TERMINAR_PROCESO   |      1 | TERMINATED   |      0% |       0MB | FCFS         |        - | fin_natural
2025-09-16 10:40:40.537 | CAMBIO_ESTADO      |      2 | RUNNING      |      0% |     105MB | FCFS         |        - | READY→RUNNING
2025-09-16 10:40:40.538 | EJECUTAR_TICK      |      2 | RUNNING      |     44% |     142MB | FCFS         |        - | rafagaRestante=10
2025-09-16 10:40:41.038 | CREAR_PROCESO      |      5 | READY        |      0% |     197MB | FCFS         |        - | rafaga=9, prioridad=4
2025-09-16 10:40:41.039 | CAMBIO_ESTADO      |      5 | READY        |      0% |     197MB | FCFS         |        - | NEW→READY
2025-09-16 10:40:41.039 | EJECUTAR_TICK      |      2 | RUNNING      |     33% |      94MB | FCFS         |        - | rafagaRestante=9
2025-09-16 10:40:41.538 | EJECUTAR_TICK      |      2 | RUNNING      |     28% |     466MB | FCFS         |        - | rafagaRestante=8
2025-09-16 10:40:42.037 | CREAR_PROCESO      |      6 | READY        |      0% |     194MB | FCFS         |        - | rafaga=7, prioridad=2
2025-09-16 10:40:42.038 | CAMBIO_ESTADO      |      6 | READY        |      0% |     194MB | FCFS         |        - | NEW→READY
2025-09-16 10:40:42.039 | EJECUTAR_TICK      |      2 | RUNNING      |     82% |     175MB | FCFS         |        - | rafagaRestante=7
2025-09-16 10:40:42.537 | CREAR_PROCESO      |      7 | READY        |      0% |      16MB | FCFS         |        - | rafaga=6, prioridad=4
2025-09-16 10:40:42.538 | CAMBIO_ESTADO      |      7 | READY        |      0% |      16MB | FCFS         |        - | NEW→READY
2025-09-16 10:40:42.539 | EJECUTAR_TICK      |      2 | RUNNING      |     10% |     154MB | FCFS         |        - | rafagaRestante=6
2025-09-16 10:40:43.037 | EJECUTAR_TICK      |      2 | RUNNING      |     28% |     122MB | FCFS         |        - | rafagaRestante=5
2025-09-16 10:40:43.537 | CREAR_PROCESO      |      8 | READY        |      0% |     176MB | FCFS         |        - | rafaga=6, prioridad=3
2025-09-16 10:40:43.538 | CAMBIO_ESTADO      |      8 | READY        |      0% |     176MB | FCFS         |        - | NEW→READY
2025-09-16 10:40:43.539 | EJECUTAR_TICK      |      2 | RUNNING      |     54% |     167MB | FCFS         |        - | rafagaRestante=4
2025-09-16 10:40:44.038 | CREAR_PROCESO      |      9 | READY        |      0% |      15MB | FCFS         |        - | rafaga=9, prioridad=4
2025-09-16 10:40:44.038 | CAMBIO_ESTADO      |      9 | READY        |      0% |      15MB | FCFS         |        - | NEW→READY
2025-09-16 10:40:44.039 | EJECUTAR_TICK      |      2 | RUNNING      |     36% |     407MB | FCFS         |        - | rafagaRestante=3
2025-09-16 10:40:44.538 | EJECUTAR_TICK      |      2 | RUNNING      |     74% |     196MB | FCFS         |        - | rafagaRestante=2
2025-09-16 10:40:45.037 | EJECUTAR_TICK      |      2 | RUNNING      |     99% |     264MB | FCFS         |        - | rafagaRestante=1
2025-09-16 10:40:45.537 | EJECUTAR_TICK      |      2 | RUNNING      |      0% |       0MB | FCFS         |        - | rafagaRestante=0
2025-09-16 10:40:45.538 | CAMBIO_ESTADO      |      2 | TERMINATED   |      0% |       0MB | FCFS         |        - | RUNNING→TERMINATED
2025-09-16 10:40:45.539 | TERMINAR_PROCESO   |      2 | TERMINATED   |      0% |       0MB | FCFS         |        - | fin_natural
2025-09-16 10:40:46.037 | CREAR_PROCESO      |     10 | READY        |      0% |     127MB | FCFS         |        - | rafaga=6, prioridad=1
2025-09-16 10:40:46.038 | CAMBIO_ESTADO      |     10 | READY        |      0% |     127MB | FCFS         |        - | NEW→READY
2025-09-16 10:40:46.038 | CAMBIO_ESTADO      |      3 | RUNNING      |      0% |     116MB | FCFS         |        - | READY→RUNNING
2025-09-16 10:40:46.039 | EJECUTAR_TICK      |      3 | RUNNING      |     47% |     434MB | FCFS         |        - | rafagaRestante=10
2025-09-16 10:40:46.537 | EJECUTAR_TICK      |      3 | RUNNING      |     61% |     403MB | FCFS         |        - | rafagaRestante=9
2025-09-16 10:40:47.037 | EJECUTAR_TICK      |      3 | RUNNING      |     20% |     432MB | FCFS         |        - | rafagaRestante=8
2025-09-16 10:40:47.537 | EJECUTAR_TICK      |      3 | RUNNING      |     44% |     387MB | FCFS         |        - | rafagaRestante=7
2025-09-16 10:40:48.037 | EJECUTAR_TICK      |      3 | RUNNING      |     56% |     153MB | FCFS         |        - | rafagaRestante=6
2025-09-16 10:40:48.537 | EJECUTAR_TICK      |      3 | RUNNING      |     56% |     286MB | FCFS         |        - | rafagaRestante=5
2025-09-16 10:40:49.038 | CREAR_PROCESO      |     11 | READY        |      0% |     113MB | FCFS         |        - | rafaga=9, prioridad=2
2025-09-16 10:40:49.039 | CAMBIO_ESTADO      |     11 | READY        |      0% |     113MB | FCFS         |        - | NEW→READY
2025-09-16 10:40:49.040 | EJECUTAR_TICK      |      3 | RUNNING      |     12% |     171MB | FCFS         |        - | rafagaRestante=4
2025-09-16 10:40:49.537 | EJECUTAR_TICK      |      3 | RUNNING      |     91% |     107MB | FCFS         |        - | rafagaRestante=3
2025-09-16 10:40:50.037 | EJECUTAR_TICK      |      3 | RUNNING      |     51% |      96MB | FCFS         |        - | rafagaRestante=2
2025-09-16 10:40:50.538 | CREAR_PROCESO      |     12 | READY        |      0% |      71MB | FCFS         |        - | rafaga=5, prioridad=5
2025-09-16 10:40:50.539 | CAMBIO_ESTADO      |     12 | READY        |      0% |      71MB | FCFS         |        - | NEW→READY
2025-09-16 10:40:50.539 | EJECUTAR_TICK      |      3 | RUNNING      |     79% |     295MB | FCFS         |        - | rafagaRestante=1
2025-09-16 10:40:51.038 | EJECUTAR_TICK      |      3 | RUNNING      |      0% |       0MB | FCFS         |        - | rafagaRestante=0
2025-09-16 10:40:51.039 | CAMBIO_ESTADO      |      3 | TERMINATED   |      0% |       0MB | FCFS         |        - | RUNNING→TERMINATED
2025-09-16 10:40:51.039 | TERMINAR_PROCESO   |      3 | TERMINATED   |      0% |       0MB | FCFS         |        - | fin_natural
2025-09-16 10:40:51.537 | CREAR_PROCESO      |     13 | READY        |      0% |     171MB | FCFS         |        - | rafaga=8, prioridad=2
2025-09-16 10:40:51.538 | CAMBIO_ESTADO      |     13 | READY        |      0% |     171MB | FCFS         |        - | NEW→READY
2025-09-16 10:40:51.539 | CAMBIO_ESTADO      |      4 | RUNNING      |      0% |      25MB | FCFS         |        - | READY→RUNNING
2025-09-16 10:40:51.539 | EJECUTAR_TICK      |      4 | RUNNING      |     85% |     255MB | FCFS         |        - | rafagaRestante=9
2025-09-16 10:40:52.037 | EJECUTAR_TICK      |      4 | RUNNING      |     35% |      50MB | FCFS         |        - | rafagaRestante=8
2025-09-16 10:40:52.537 | EJECUTAR_TICK      |      4 | RUNNING      |     16% |     396MB | FCFS         |        - | rafagaRestante=7
2025-09-16 10:40:53.037 | CREAR_PROCESO      |     14 | READY        |      0% |     184MB | FCFS         |        - | rafaga=9, prioridad=1
2025-09-16 10:40:53.038 | CAMBIO_ESTADO      |     14 | READY        |      0% |     184MB | FCFS         |        - | NEW→READY
2025-09-16 10:40:53.039 | EJECUTAR_TICK      |      4 | RUNNING      |     44% |     219MB | FCFS         |        - | rafagaRestante=6
2025-09-16 10:40:53.537 | CREAR_PROCESO      |     15 | READY        |      0% |     142MB | FCFS         |        - | rafaga=10, prioridad=3
2025-09-16 10:40:53.538 | CAMBIO_ESTADO      |     15 | READY        |      0% |     142MB | FCFS         |        - | NEW→READY
2025-09-16 10:40:53.539 | EJECUTAR_TICK      |      4 | RUNNING      |     92% |      23MB | FCFS         |        - | rafagaRestante=5
2025-09-16 10:40:54.037 | EJECUTAR_TICK      |      4 | RUNNING      |     97% |     413MB | FCFS         |        - | rafagaRestante=4
2025-09-16 10:40:54.537 | EJECUTAR_TICK      |      4 | RUNNING      |     20% |      86MB | FCFS         |        - | rafagaRestante=3
2025-09-16 10:40:55.038 | EJECUTAR_TICK      |      4 | RUNNING      |     39% |     194MB | FCFS         |        - | rafagaRestante=2
2025-09-16 10:40:55.538 | EJECUTAR_TICK      |      4 | RUNNING      |     65% |     368MB | FCFS         |        - | rafagaRestante=1
2025-09-16 10:40:56.037 | EJECUTAR_TICK      |      4 | RUNNING      |      0% |       0MB | FCFS         |        - | rafagaRestante=0
2025-09-16 10:40:56.038 | CAMBIO_ESTADO      |      4 | TERMINATED   |      0% |       0MB | FCFS         |        - | RUNNING→TERMINATED
2025-09-16 10:40:56.038 | TERMINAR_PROCESO   |      4 | TERMINATED   |      0% |       0MB | FCFS         |        - | fin_natural
2025-09-16 10:40:56.537 | CAMBIO_ESTADO      |      5 | RUNNING      |      0% |     197MB | FCFS         |        - | READY→RUNNING
2025-09-16 10:40:56.539 | EJECUTAR_TICK      |      5 | RUNNING      |     55% |     485MB | FCFS         |        - | rafagaRestante=8
2025-09-16 10:40:57.037 | EJECUTAR_TICK      |      5 | RUNNING      |     97% |     102MB | FCFS         |        - | rafagaRestante=7
2025-09-16 10:40:57.537 | EJECUTAR_TICK      |      5 | RUNNING      |     44% |     158MB | FCFS         |        - | rafagaRestante=6
2025-09-16 10:40:58.038 | EJECUTAR_TICK      |      5 | RUNNING      |     12% |     137MB | FCFS         |        - | rafagaRestante=5
2025-09-16 10:40:58.538 | EJECUTAR_TICK      |      5 | RUNNING      |     39% |     478MB | FCFS         |        - | rafagaRestante=4
2025-09-16 10:40:59.037 | EJECUTAR_TICK      |      5 | RUNNING      |    100% |     346MB | FCFS         |        - | rafagaRestante=3
2025-09-16 10:40:59.537 | EJECUTAR_TICK      |      5 | RUNNING      |     64% |     279MB | FCFS         |        - | rafagaRestante=2
2025-09-16 10:41:00.037 | EJECUTAR_TICK      |      5 | RUNNING      |     33% |     236MB | FCFS         |        - | rafagaRestante=1
2025-09-16 10:41:00.537 | EJECUTAR_TICK      |      5 | RUNNING      |      0% |       0MB | FCFS         |        - | rafagaRestante=0
2025-09-16 10:41:00.538 | CAMBIO_ESTADO      |      5 | TERMINATED   |      0% |       0MB | FCFS         |        - | RUNNING→TERMINATED
2025-09-16 10:41:00.539 | TERMINAR_PROCESO   |      5 | TERMINATED   |      0% |       0MB | FCFS         |        - | fin_natural
2025-09-16 10:41:01.037 | CAMBIO_ESTADO      |      6 | RUNNING      |      0% |     194MB | FCFS         |        - | READY→RUNNING
2025-09-16 10:41:01.038 | EJECUTAR_TICK      |      6 | RUNNING      |     97% |     115MB | FCFS         |        - | rafagaRestante=6
2025-09-16 10:41:01.538 | CREAR_PROCESO      |     16 | READY        |      0% |      43MB | FCFS         |        - | rafaga=8, prioridad=2
2025-09-16 10:41:01.538 | CAMBIO_ESTADO      |     16 | READY        |      0% |      43MB | FCFS         |        - | NEW→READY
2025-09-16 10:41:01.539 | EJECUTAR_TICK      |      6 | RUNNING      |     44% |     265MB | FCFS         |        - | rafagaRestante=5
2025-09-16 10:41:02.037 | EJECUTAR_TICK      |      6 | RUNNING      |     67% |     492MB | FCFS         |        - | rafagaRestante=4
2025-09-16 10:41:02.538 | EJECUTAR_TICK      |      6 | RUNNING      |     94% |     175MB | FCFS         |        - | rafagaRestante=3
2025-09-16 10:41:03.038 | CREAR_PROCESO      |     17 | READY        |      0% |      18MB | FCFS         |        - | rafaga=10, prioridad=2
2025-09-16 10:41:03.038 | CAMBIO_ESTADO      |     17 | READY        |      0% |      18MB | FCFS         |        - | NEW→READY
2025-09-16 10:41:03.039 | EJECUTAR_TICK      |      6 | RUNNING      |     92% |     463MB | FCFS         |        - | rafagaRestante=2
2025-09-16 10:41:03.538 | CREAR_PROCESO      |     18 | READY        |      0% |      13MB | FCFS         |        - | rafaga=5, prioridad=4
2025-09-16 10:41:03.538 | CAMBIO_ESTADO      |     18 | READY        |      0% |      13MB | FCFS         |        - | NEW→READY
2025-09-16 10:41:03.539 | EJECUTAR_TICK      |      6 | RUNNING      |     77% |     386MB | FCFS         |        - | rafagaRestante=1
2025-09-16 10:41:04.037 | EJECUTAR_TICK      |      6 | RUNNING      |      0% |       0MB | FCFS         |        - | rafagaRestante=0
2025-09-16 10:41:04.038 | CAMBIO_ESTADO      |      6 | TERMINATED   |      0% |       0MB | FCFS         |        - | RUNNING→TERMINATED
2025-09-16 10:41:04.039 | TERMINAR_PROCESO   |      6 | TERMINATED   |      0% |       0MB | FCFS         |        - | fin_natural
2025-09-16 10:41:04.537 | CREAR_PROCESO      |     19 | READY        |      0% |     200MB | FCFS         |        - | rafaga=8, prioridad=4
2025-09-16 10:41:04.538 | CAMBIO_ESTADO      |     19 | READY        |      0% |     200MB | FCFS         |        - | NEW→READY
2025-09-16 10:41:04.538 | CAMBIO_ESTADO      |      7 | RUNNING      |      0% |      16MB | FCFS         |        - | READY→RUNNING
2025-09-16 10:41:04.539 | EJECUTAR_TICK      |      7 | RUNNING      |     95% |      21MB | FCFS         |        - | rafagaRestante=5
2025-09-16 10:41:05.038 | EJECUTAR_TICK      |      7 | RUNNING      |     90% |     425MB | FCFS         |        - | rafagaRestante=4
2025-09-16 10:41:05.537 | EJECUTAR_TICK      |      7 | RUNNING      |     83% |     290MB | FCFS         |        - | rafagaRestante=3
2025-09-16 10:41:06.038 | CREAR_PROCESO      |     20 | READY        |      0% |      50MB | FCFS         |        - | rafaga=12, prioridad=1
2025-09-16 10:41:06.038 | CAMBIO_ESTADO      |     20 | READY        |      0% |      50MB | FCFS         |        - | NEW→READY
2025-09-16 10:41:06.039 | EJECUTAR_TICK      |      7 | RUNNING      |     61% |      54MB | FCFS         |        - | rafagaRestante=2
2025-09-16 10:41:06.538 | CREAR_PROCESO      |     21 | READY        |      0% |     147MB | FCFS         |        - | rafaga=10, prioridad=1
2025-09-16 10:41:06.538 | CAMBIO_ESTADO      |     21 | READY        |      0% |     147MB | FCFS         |        - | NEW→READY
2025-09-16 10:41:06.539 | EJECUTAR_TICK      |      7 | RUNNING      |     79% |     199MB | FCFS         |        - | rafagaRestante=1
2025-09-16 10:41:07.038 | CREAR_PROCESO      |     22 | READY        |      0% |      48MB | FCFS         |        - | rafaga=10, prioridad=1
2025-09-16 10:41:07.038 | CAMBIO_ESTADO      |     22 | READY        |      0% |      48MB | FCFS         |        - | NEW→READY
2025-09-16 10:41:07.039 | EJECUTAR_TICK      |      7 | RUNNING      |      0% |       0MB | FCFS         |        - | rafagaRestante=0
2025-09-16 10:41:07.039 | CAMBIO_ESTADO      |      7 | TERMINATED   |      0% |       0MB | FCFS         |        - | RUNNING→TERMINATED
2025-09-16 10:41:07.040 | TERMINAR_PROCESO   |      7 | TERMINATED   |      0% |       0MB | FCFS         |        - | fin_natural
2025-09-16 10:41:07.537 | CAMBIO_ESTADO      |      8 | RUNNING      |      0% |     176MB | FCFS         |        - | READY→RUNNING
2025-09-16 10:41:07.538 | EJECUTAR_TICK      |      8 | RUNNING      |     58% |     148MB | FCFS         |        - | rafagaRestante=5
2025-09-16 10:41:08.037 | EJECUTAR_TICK      |      8 | RUNNING      |     37% |     301MB | FCFS         |        - | rafagaRestante=4
2025-09-16 10:41:08.537 | CREAR_PROCESO      |     23 | READY        |      0% |      99MB | FCFS         |        - | rafaga=8, prioridad=5
2025-09-16 10:41:08.538 | CAMBIO_ESTADO      |     23 | READY        |      0% |      99MB | FCFS         |        - | NEW→READY
2025-09-16 10:41:08.538 | EJECUTAR_TICK      |      8 | RUNNING      |     74% |      28MB | FCFS         |        - | rafagaRestante=3
2025-09-16 10:41:09.037 | EJECUTAR_TICK      |      8 | RUNNING      |     11% |      43MB | FCFS         |        - | rafagaRestante=2
2025-09-16 10:41:09.537 | EJECUTAR_TICK      |      8 | RUNNING      |     14% |     391MB | FCFS         |        - | rafagaRestante=1
2025-09-16 10:41:10.037 | EJECUTAR_TICK      |      8 | RUNNING      |      0% |       0MB | FCFS         |        - | rafagaRestante=0
2025-09-16 10:41:10.038 | CAMBIO_ESTADO      |      8 | TERMINATED   |      0% |       0MB | FCFS         |        - | RUNNING→TERMINATED
2025-09-16 10:41:10.038 | TERMINAR_PROCESO   |      8 | TERMINATED   |      0% |       0MB | FCFS         |        - | fin_natural
2025-09-16 10:41:10.537 | CREAR_PROCESO      |     24 | READY        |      0% |      66MB | FCFS         |        - | rafaga=5, prioridad=3
2025-09-16 10:41:10.538 | CAMBIO_ESTADO      |     24 | READY        |      0% |      66MB | FCFS         |        - | NEW→READY
2025-09-16 10:41:10.538 | CAMBIO_ESTADO      |      9 | RUNNING      |      0% |      15MB | FCFS         |        - | READY→RUNNING
2025-09-16 10:41:10.538 | EJECUTAR_TICK      |      9 | RUNNING      |     44% |      18MB | FCFS         |        - | rafagaRestante=8
2025-09-16 10:41:11.037 | EJECUTAR_TICK      |      9 | RUNNING      |     11% |      22MB | FCFS         |        - | rafagaRestante=7
2025-09-16 10:41:11.538 | CREAR_PROCESO      |     25 | READY        |      0% |      25MB | FCFS         |        - | rafaga=12, prioridad=2
2025-09-16 10:41:11.538 | CAMBIO_ESTADO      |     25 | READY        |      0% |      25MB | FCFS         |        - | NEW→READY
2025-09-16 10:41:11.539 | EJECUTAR_TICK      |      9 | RUNNING      |     64% |     484MB | FCFS         |        - | rafagaRestante=6
2025-09-16 10:41:12.038 | CREAR_PROCESO      |     26 | READY        |      0% |     186MB | FCFS         |        - | rafaga=11, prioridad=2
2025-09-16 10:41:12.038 | CAMBIO_ESTADO      |     26 | READY        |      0% |     186MB | FCFS         |        - | NEW→READY
2025-09-16 10:41:12.039 | EJECUTAR_TICK      |      9 | RUNNING      |     28% |     388MB | FCFS         |        - | rafagaRestante=5
2025-09-16 10:41:12.537 | EJECUTAR_TICK      |      9 | RUNNING      |     91% |     178MB | FCFS         |        - | rafagaRestante=4
2025-09-16 10:41:13.037 | CREAR_PROCESO      |     27 | READY        |      0% |      57MB | FCFS         |        - | rafaga=9, prioridad=3
2025-09-16 10:41:13.038 | CAMBIO_ESTADO      |     27 | READY        |      0% |      57MB | FCFS         |        - | NEW→READY
2025-09-16 10:41:13.038 | EJECUTAR_TICK      |      9 | RUNNING      |     94% |     338MB | FCFS         |        - | rafagaRestante=3
2025-09-16 10:41:13.377 | FIN_SIMULACION     |      - | -            |       - |         - | -            |        - | 
