TIMESTAMP               | EVENTO             |    PID | ESTADO       |    CPU% |       MEM | ALGORITMO    |  QUANTUM | DETALLE
------------------------+--------------------+--------+--------------+---------+-----------+--------------+----------+-----------------------------
2025-09-11 10:44:48.122 | INICIO_SIMULACION  |      - | READY        |       - |         - | FCFS         |        - | tickMs=500, probNuevo=0.35
2025-09-11 10:44:50.199 | IDLE               |      - | IDLE         |       - |         - | FCFS         |        - | sin procesos listos
2025-09-11 10:44:50.698 | IDLE               |      - | IDLE         |       - |         - | FCFS         |        - | sin procesos listos
2025-09-11 10:44:51.198 | IDLE               |      - | IDLE         |       - |         - | FCFS         |        - | sin procesos listos
2025-09-11 10:44:51.706 | CREAR_PROCESO      |      1 | READY        |      0% |     132MB | FCFS         |        - | rafaga=6, prioridad=5
2025-09-11 10:44:51.707 | CAMBIO_ESTADO      |      1 | READY        |      0% |     132MB | FCFS         |        - | NEW→READY
2025-09-11 10:44:51.708 | CAMBIO_ESTADO      |      1 | RUNNING      |      0% |     132MB | FCFS         |        - | READY→RUNNING
2025-09-11 10:44:51.711 | EJECUTAR_TICK      |      1 | RUNNING      |     99% |     281MB | FCFS         |        - | rafagaRestante=5
2025-09-11 10:44:52.198 | EJECUTAR_TICK      |      1 | RUNNING      |     40% |     201MB | FCFS         |        - | rafagaRestante=4
2025-09-11 10:44:52.698 | EJECUTAR_TICK      |      1 | RUNNING      |     46% |     133MB | FCFS         |        - | rafagaRestante=3
2025-09-11 10:44:53.199 | CREAR_PROCESO      |      2 | READY        |      0% |     138MB | FCFS         |        - | rafaga=11, prioridad=2
2025-09-11 10:44:53.200 | CAMBIO_ESTADO      |      2 | READY        |      0% |     138MB | FCFS         |        - | NEW→READY
2025-09-11 10:44:53.201 | EJECUTAR_TICK      |      1 | RUNNING      |    100% |     352MB | FCFS         |        - | rafagaRestante=2
2025-09-11 10:44:53.698 | EJECUTAR_TICK      |      1 | RUNNING      |     74% |      76MB | FCFS         |        - | rafagaRestante=1
2025-09-11 10:44:54.199 | EJECUTAR_TICK      |      1 | RUNNING      |      0% |       0MB | FCFS         |        - | rafagaRestante=0
2025-09-11 10:44:54.200 | CAMBIO_ESTADO      |      1 | TERMINATED   |      0% |       0MB | FCFS         |        - | RUNNING→TERMINATED
2025-09-11 10:44:54.201 | TERMINAR_PROCESO   |      1 | TERMINATED   |      0% |       0MB | FCFS         |        - | fin_natural
2025-09-11 10:44:54.699 | CAMBIO_ESTADO      |      2 | RUNNING      |      0% |     138MB | FCFS         |        - | READY→RUNNING
2025-09-11 10:44:54.700 | EJECUTAR_TICK      |      2 | RUNNING      |     41% |      50MB | FCFS         |        - | rafagaRestante=10
2025-09-11 10:44:55.198 | EJECUTAR_TICK      |      2 | RUNNING      |     43% |     304MB | FCFS         |        - | rafagaRestante=9
2025-09-11 10:44:55.698 | CREAR_PROCESO      |      3 | READY        |      0% |     142MB | FCFS         |        - | rafaga=10, prioridad=4
2025-09-11 10:44:55.699 | CAMBIO_ESTADO      |      3 | READY        |      0% |     142MB | FCFS         |        - | NEW→READY
2025-09-11 10:44:55.700 | EJECUTAR_TICK      |      2 | RUNNING      |     11% |     362MB | FCFS         |        - | rafagaRestante=8
2025-09-11 10:44:56.199 | EJECUTAR_TICK      |      2 | RUNNING      |     91% |      50MB | FCFS         |        - | rafagaRestante=7
2025-09-11 10:44:56.699 | CREAR_PROCESO      |      4 | READY        |      0% |     166MB | FCFS         |        - | rafaga=6, prioridad=3
2025-09-11 10:44:56.700 | CAMBIO_ESTADO      |      4 | READY        |      0% |     166MB | FCFS         |        - | NEW→READY
2025-09-11 10:44:56.700 | EJECUTAR_TICK      |      2 | RUNNING      |     28% |     131MB | FCFS         |        - | rafagaRestante=6
2025-09-11 10:44:57.198 | EJECUTAR_TICK      |      2 | RUNNING      |     59% |     396MB | FCFS         |        - | rafagaRestante=5
2025-09-11 10:44:57.699 | EJECUTAR_TICK      |      2 | RUNNING      |     75% |      71MB | FCFS         |        - | rafagaRestante=4
2025-09-11 10:44:58.199 | EJECUTAR_TICK      |      2 | RUNNING      |     86% |      23MB | FCFS         |        - | rafagaRestante=3
2025-09-11 10:44:58.699 | CREAR_PROCESO      |      5 | READY        |      0% |     189MB | FCFS         |        - | rafaga=9, prioridad=1
2025-09-11 10:44:58.700 | CAMBIO_ESTADO      |      5 | READY        |      0% |     189MB | FCFS         |        - | NEW→READY
2025-09-11 10:44:58.701 | EJECUTAR_TICK      |      2 | RUNNING      |     80% |     485MB | FCFS         |        - | rafagaRestante=2
2025-09-11 10:44:59.199 | EJECUTAR_TICK      |      2 | RUNNING      |     43% |     171MB | FCFS         |        - | rafagaRestante=1
2025-09-11 10:44:59.699 | EJECUTAR_TICK      |      2 | RUNNING      |      0% |       0MB | FCFS         |        - | rafagaRestante=0
2025-09-11 10:44:59.700 | CAMBIO_ESTADO      |      2 | TERMINATED   |      0% |       0MB | FCFS         |        - | RUNNING→TERMINATED
2025-09-11 10:44:59.701 | TERMINAR_PROCESO   |      2 | TERMINATED   |      0% |       0MB | FCFS         |        - | fin_natural
2025-09-11 10:45:00.198 | CAMBIO_ESTADO      |      3 | RUNNING      |      0% |     142MB | FCFS         |        - | READY→RUNNING
2025-09-11 10:45:00.199 | EJECUTAR_TICK      |      3 | RUNNING      |     24% |     278MB | FCFS         |        - | rafagaRestante=9
2025-09-11 10:45:00.698 | EJECUTAR_TICK      |      3 | RUNNING      |     51% |     313MB | FCFS         |        - | rafagaRestante=8
2025-09-11 10:45:01.199 | CREAR_PROCESO      |      6 | READY        |      0% |     189MB | FCFS         |        - | rafaga=5, prioridad=5
2025-09-11 10:45:01.199 | CAMBIO_ESTADO      |      6 | READY        |      0% |     189MB | FCFS         |        - | NEW→READY
2025-09-11 10:45:01.200 | EJECUTAR_TICK      |      3 | RUNNING      |     23% |     388MB | FCFS         |        - | rafagaRestante=7
2025-09-11 10:45:01.699 | CREAR_PROCESO      |      7 | READY        |      0% |      75MB | FCFS         |        - | rafaga=8, prioridad=2
2025-09-11 10:45:01.700 | CAMBIO_ESTADO      |      7 | READY        |      0% |      75MB | FCFS         |        - | NEW→READY
2025-09-11 10:45:01.701 | EJECUTAR_TICK      |      3 | RUNNING      |     79% |      74MB | FCFS         |        - | rafagaRestante=6
2025-09-11 10:45:02.199 | EJECUTAR_TICK      |      3 | RUNNING      |     37% |      78MB | FCFS         |        - | rafagaRestante=5
2025-09-11 10:45:02.699 | EJECUTAR_TICK      |      3 | RUNNING      |     42% |     269MB | FCFS         |        - | rafagaRestante=4
2025-09-11 10:45:03.199 | CREAR_PROCESO      |      8 | READY        |      0% |     113MB | FCFS         |        - | rafaga=10, prioridad=3
2025-09-11 10:45:03.200 | CAMBIO_ESTADO      |      8 | READY        |      0% |     113MB | FCFS         |        - | NEW→READY
2025-09-11 10:45:03.201 | EJECUTAR_TICK      |      3 | RUNNING      |     80% |     347MB | FCFS         |        - | rafagaRestante=3
2025-09-11 10:45:03.700 | CAMBIO_ESTADO      |      5 | SUSPENDED    |      0% |     189MB | FCFS         |        - | READY→SUSPENDED
2025-09-11 10:45:03.701 | SUSPENDER          |      5 | SUSPENDED    |      0% |     189MB | FCFS         |        - | usuario
2025-09-11 10:45:03.702 | EJECUTAR_TICK      |      3 | RUNNING      |     67% |     287MB | FCFS         |        - | rafagaRestante=2
2025-09-11 10:45:04.199 | EJECUTAR_TICK      |      3 | RUNNING      |     67% |      61MB | FCFS         |        - | rafagaRestante=1
2025-09-11 10:45:04.699 | EJECUTAR_TICK      |      3 | RUNNING      |      0% |       0MB | FCFS         |        - | rafagaRestante=0
2025-09-11 10:45:04.699 | CAMBIO_ESTADO      |      3 | TERMINATED   |      0% |       0MB | FCFS         |        - | RUNNING→TERMINATED
2025-09-11 10:45:04.700 | TERMINAR_PROCESO   |      3 | TERMINATED   |      0% |       0MB | FCFS         |        - | fin_natural
2025-09-11 10:45:05.198 | CAMBIO_ESTADO      |      4 | RUNNING      |      0% |     166MB | FCFS         |        - | READY→RUNNING
2025-09-11 10:45:05.199 | EJECUTAR_TICK      |      4 | RUNNING      |     31% |     131MB | FCFS         |        - | rafagaRestante=5
2025-09-11 10:45:05.699 | EJECUTAR_TICK      |      4 | RUNNING      |     92% |     101MB | FCFS         |        - | rafagaRestante=4
2025-09-11 10:45:06.198 | EJECUTAR_TICK      |      4 | RUNNING      |     27% |      87MB | FCFS         |        - | rafagaRestante=3
2025-09-11 10:45:06.250 | FIN_SIMULACION     |      - | -            |       - |         - | -            |        - | 
