TIMESTAMP               | EVENTO             |    PID | ESTADO       |    CPU% |       MEM | ALGORITMO    |  QUANTUM | DETALLE
------------------------+--------------------+--------+--------------+---------+-----------+--------------+----------+-----------------------------
2025-09-16 21:29:00.842 | INICIO_SIMULACION  |      - | READY        |       - |         - | FCFS         |        - | tickMs=500, probNuevo=0.35
2025-09-16 21:29:02.912 | IDLE               |      - | IDLE         |       - |         - | FCFS         |        - | sin procesos listos
2025-09-16 21:29:03.412 | IDLE               |      - | IDLE         |       - |         - | FCFS         |        - | sin procesos listos
2025-09-16 21:29:03.913 | IDLE               |      - | IDLE         |       - |         - | FCFS         |        - | sin procesos listos
2025-09-16 21:29:04.415 | CREAR_PROCESO      |      1 | READY        |      0% |      24MB | FCFS         |        - | rafaga=6, prioridad=5
2025-09-16 21:29:04.417 | CAMBIO_ESTADO      |      1 | READY        |      0% |      24MB | FCFS         |        - | NEW→READY
2025-09-16 21:29:04.418 | CAMBIO_ESTADO      |      1 | RUNNING      |      0% |      24MB | FCFS         |        - | READY→RUNNING
2025-09-16 21:29:04.419 | EJECUTAR_TICK      |      1 | RUNNING      |     30% |     296MB | FCFS         |        - | rafagaRestante=5
2025-09-16 21:29:04.913 | EJECUTAR_TICK      |      1 | RUNNING      |     36% |     120MB | FCFS         |        - | rafagaRestante=4
2025-09-16 21:29:05.412 | EJECUTAR_TICK      |      1 | RUNNING      |     29% |     402MB | FCFS         |        - | rafagaRestante=3
2025-09-16 21:29:05.912 | CREAR_PROCESO      |      2 | READY        |      0% |     105MB | FCFS         |        - | rafaga=11, prioridad=1
2025-09-16 21:29:05.914 | CAMBIO_ESTADO      |      2 | READY        |      0% |     105MB | FCFS         |        - | NEW→READY
2025-09-16 21:29:05.916 | EJECUTAR_TICK      |      1 | RUNNING      |     80% |     243MB | FCFS         |        - | rafagaRestante=2
2025-09-16 21:29:06.412 | CREAR_PROCESO      |      3 | READY        |      0% |     116MB | FCFS         |        - | rafaga=11, prioridad=2
2025-09-16 21:29:06.413 | CAMBIO_ESTADO      |      3 | READY        |      0% |     116MB | FCFS         |        - | NEW→READY
2025-09-16 21:29:06.414 | EJECUTAR_TICK      |      1 | RUNNING      |     90% |     122MB | FCFS         |        - | rafagaRestante=1
2025-09-16 21:29:06.914 | CREAR_PROCESO      |      4 | READY        |      0% |      25MB | FCFS         |        - | rafaga=10, prioridad=3
2025-09-16 21:29:06.915 | CAMBIO_ESTADO      |      4 | READY        |      0% |      25MB | FCFS         |        - | NEW→READY
2025-09-16 21:29:06.915 | EJECUTAR_TICK      |      1 | RUNNING      |      0% |       0MB | FCFS         |        - | rafagaRestante=0
2025-09-16 21:29:06.916 | CAMBIO_ESTADO      |      1 | TERMINATED   |      0% |       0MB | FCFS         |        - | RUNNING→TERMINATED
2025-09-16 21:29:06.917 | TERMINAR_PROCESO   |      1 | TERMINATED   |      0% |       0MB | FCFS         |        - | fin_natural
2025-09-16 21:29:07.412 | CAMBIO_ESTADO      |      2 | RUNNING      |      0% |     105MB | FCFS         |        - | READY→RUNNING
2025-09-16 21:29:07.413 | EJECUTAR_TICK      |      2 | RUNNING      |     44% |     142MB | FCFS         |        - | rafagaRestante=10
2025-09-16 21:29:07.912 | CREAR_PROCESO      |      5 | READY        |      0% |     197MB | FCFS         |        - | rafaga=9, prioridad=4
2025-09-16 21:29:07.913 | CAMBIO_ESTADO      |      5 | READY        |      0% |     197MB | FCFS         |        - | NEW→READY
2025-09-16 21:29:07.914 | EJECUTAR_TICK      |      2 | RUNNING      |     33% |      94MB | FCFS         |        - | rafagaRestante=9
2025-09-16 21:29:08.412 | EJECUTAR_TICK      |      2 | RUNNING      |     28% |     466MB | FCFS         |        - | rafagaRestante=8
2025-09-16 21:29:08.914 | CREAR_PROCESO      |      6 | READY        |      0% |     194MB | FCFS         |        - | rafaga=7, prioridad=2
2025-09-16 21:29:08.915 | CAMBIO_ESTADO      |      6 | READY        |      0% |     194MB | FCFS         |        - | NEW→READY
2025-09-16 21:29:08.916 | EJECUTAR_TICK      |      2 | RUNNING      |     82% |     175MB | FCFS         |        - | rafagaRestante=7
2025-09-16 21:29:09.412 | CREAR_PROCESO      |      7 | READY        |      0% |      16MB | FCFS         |        - | rafaga=6, prioridad=4
2025-09-16 21:29:09.413 | CAMBIO_ESTADO      |      7 | READY        |      0% |      16MB | FCFS         |        - | NEW→READY
2025-09-16 21:29:09.414 | EJECUTAR_TICK      |      2 | RUNNING      |     10% |     154MB | FCFS         |        - | rafagaRestante=6
2025-09-16 21:29:09.914 | EJECUTAR_TICK      |      2 | RUNNING      |     28% |     122MB | FCFS         |        - | rafagaRestante=5
2025-09-16 21:29:10.412 | CREAR_PROCESO      |      8 | READY        |      0% |     176MB | FCFS         |        - | rafaga=6, prioridad=3
2025-09-16 21:29:10.413 | CAMBIO_ESTADO      |      8 | READY        |      0% |     176MB | FCFS         |        - | NEW→READY
2025-09-16 21:29:10.414 | EJECUTAR_TICK      |      2 | RUNNING      |     54% |     167MB | FCFS         |        - | rafagaRestante=4
2025-09-16 21:29:10.914 | CREAR_PROCESO      |      9 | READY        |      0% |      15MB | FCFS         |        - | rafaga=9, prioridad=4
2025-09-16 21:29:10.914 | CAMBIO_ESTADO      |      9 | READY        |      0% |      15MB | FCFS         |        - | NEW→READY
2025-09-16 21:29:10.915 | EJECUTAR_TICK      |      2 | RUNNING      |     36% |     407MB | FCFS         |        - | rafagaRestante=3
2025-09-16 21:29:11.412 | EJECUTAR_TICK      |      2 | RUNNING      |     74% |     196MB | FCFS         |        - | rafagaRestante=2
2025-09-16 21:29:11.912 | EJECUTAR_TICK      |      2 | RUNNING      |     99% |     264MB | FCFS         |        - | rafagaRestante=1
2025-09-16 21:29:12.412 | EJECUTAR_TICK      |      2 | RUNNING      |      0% |       0MB | FCFS         |        - | rafagaRestante=0
2025-09-16 21:29:12.413 | CAMBIO_ESTADO      |      2 | TERMINATED   |      0% |       0MB | FCFS         |        - | RUNNING→TERMINATED
2025-09-16 21:29:12.414 | TERMINAR_PROCESO   |      2 | TERMINATED   |      0% |       0MB | FCFS         |        - | fin_natural
2025-09-16 21:29:12.913 | CREAR_PROCESO      |     10 | READY        |      0% |     127MB | FCFS         |        - | rafaga=6, prioridad=1
2025-09-16 21:29:12.914 | CAMBIO_ESTADO      |     10 | READY        |      0% |     127MB | FCFS         |        - | NEW→READY
2025-09-16 21:29:12.914 | CAMBIO_ESTADO      |      3 | RUNNING      |      0% |     116MB | FCFS         |        - | READY→RUNNING
2025-09-16 21:29:12.915 | EJECUTAR_TICK      |      3 | RUNNING      |     47% |     434MB | FCFS         |        - | rafagaRestante=10
2025-09-16 21:29:13.412 | EJECUTAR_TICK      |      3 | RUNNING      |     61% |     403MB | FCFS         |        - | rafagaRestante=9
2025-09-16 21:29:19.412 | EJECUTAR_TICK      |      3 | RUNNING      |     20% |     432MB | FCFS         |        - | rafagaRestante=8
2025-09-16 21:29:19.914 | EJECUTAR_TICK      |      3 | RUNNING      |     44% |     387MB | FCFS         |        - | rafagaRestante=7
2025-09-16 21:29:20.413 | EJECUTAR_TICK      |      3 | RUNNING      |     56% |     153MB | FCFS         |        - | rafagaRestante=6
2025-09-16 21:29:20.913 | EJECUTAR_TICK      |      3 | RUNNING      |     56% |     286MB | FCFS         |        - | rafagaRestante=5
2025-09-16 21:29:21.413 | CREAR_PROCESO      |     11 | READY        |      0% |     113MB | FCFS         |        - | rafaga=9, prioridad=2
2025-09-16 21:29:21.413 | CAMBIO_ESTADO      |     11 | READY        |      0% |     113MB | FCFS         |        - | NEW→READY
2025-09-16 21:29:21.414 | EJECUTAR_TICK      |      3 | RUNNING      |     12% |     171MB | FCFS         |        - | rafagaRestante=4
2025-09-16 21:29:21.912 | EJECUTAR_TICK      |      3 | RUNNING      |     91% |     107MB | FCFS         |        - | rafagaRestante=3
2025-09-16 21:29:22.413 | EJECUTAR_TICK      |      3 | RUNNING      |     51% |      96MB | FCFS         |        - | rafagaRestante=2
2025-09-16 21:29:22.576 | FIN_SIMULACION     |      - | -            |       - |         - | -            |        - | 
