TIMESTAMP               | EVENTO             |    PID | ESTADO       |    CPU% |       MEM | ALGORITMO    |  QUANTUM | DETALLE
------------------------+--------------------+--------+--------------+---------+-----------+--------------+----------+-----------------------------
2025-09-17 00:46:51.682 | INICIO_SIMULACION  |      - | READY        |       - |         - | FCFS         |        - | tickMs=500, probNuevo=0.35
2025-09-17 00:46:53.226 | IDLE               |      - | IDLE         |       - |         - | FCFS         |        - | sin procesos listos
2025-09-17 00:46:53.727 | IDLE               |      - | IDLE         |       - |         - | FCFS         |        - | sin procesos listos
2025-09-17 00:46:54.227 | IDLE               |      - | IDLE         |       - |         - | FCFS         |        - | sin procesos listos
2025-09-17 00:46:54.732 | CREAR_PROCESO      |      1 | READY        |      0% |     132MB | FCFS         |        - | rafaga=6, prioridad=5
2025-09-17 00:46:54.732 | CAMBIO_ESTADO      |      1 | READY        |      0% |     132MB | FCFS         |        - | NEW→READY
2025-09-17 00:46:54.733 | CAMBIO_ESTADO      |      1 | RUNNING      |      0% |     132MB | FCFS         |        - | READY→RUNNING
2025-09-17 00:46:54.735 | EJECUTAR_TICK      |      1 | RUNNING      |     99% |     281MB | FCFS         |        - | rafagaRestante=5
2025-09-17 00:46:55.227 | EJECUTAR_TICK      |      1 | RUNNING      |     40% |     201MB | FCFS         |        - | rafagaRestante=4
2025-09-17 00:46:55.726 | EJECUTAR_TICK      |      1 | RUNNING      |     46% |     133MB | FCFS         |        - | rafagaRestante=3
2025-09-17 00:46:56.226 | CREAR_PROCESO      |      2 | READY        |      0% |     138MB | FCFS         |        - | rafaga=11, prioridad=2
2025-09-17 00:46:56.226 | CAMBIO_ESTADO      |      2 | READY        |      0% |     138MB | FCFS         |        - | NEW→READY
2025-09-17 00:46:56.227 | EJECUTAR_TICK      |      1 | RUNNING      |    100% |     352MB | FCFS         |        - | rafagaRestante=2
2025-09-17 00:46:56.727 | EJECUTAR_TICK      |      1 | RUNNING      |     74% |      76MB | FCFS         |        - | rafagaRestante=1
2025-09-17 00:46:57.226 | EJECUTAR_TICK      |      1 | RUNNING      |      0% |       0MB | FCFS         |        - | rafagaRestante=0
2025-09-17 00:46:57.227 | CAMBIO_ESTADO      |      1 | TERMINATED   |      0% |       0MB | FCFS         |        - | RUNNING→TERMINATED
2025-09-17 00:46:57.227 | TERMINAR_PROCESO   |      1 | TERMINATED   |      0% |       0MB | FCFS         |        - | fin_natural
2025-09-17 00:46:57.728 | CAMBIO_ESTADO      |      2 | RUNNING      |      0% |     138MB | FCFS         |        - | READY→RUNNING
2025-09-17 00:46:57.729 | EJECUTAR_TICK      |      2 | RUNNING      |     41% |      50MB | FCFS         |        - | rafagaRestante=10
2025-09-17 00:46:58.226 | EJECUTAR_TICK      |      2 | RUNNING      |     43% |     304MB | FCFS         |        - | rafagaRestante=9
2025-09-17 00:46:58.727 | CREAR_PROCESO      |      3 | READY        |      0% |     142MB | FCFS         |        - | rafaga=10, prioridad=4
2025-09-17 00:46:58.728 | CAMBIO_ESTADO      |      3 | READY        |      0% |     142MB | FCFS         |        - | NEW→READY
2025-09-17 00:46:58.728 | EJECUTAR_TICK      |      2 | RUNNING      |     11% |     362MB | FCFS         |        - | rafagaRestante=8
2025-09-17 00:46:59.228 | EJECUTAR_TICK      |      2 | RUNNING      |     91% |      50MB | FCFS         |        - | rafagaRestante=7
2025-09-17 00:46:59.728 | CREAR_PROCESO      |      4 | READY        |      0% |     166MB | FCFS         |        - | rafaga=6, prioridad=3
2025-09-17 00:46:59.729 | CAMBIO_ESTADO      |      4 | READY        |      0% |     166MB | FCFS         |        - | NEW→READY
2025-09-17 00:46:59.729 | EJECUTAR_TICK      |      2 | RUNNING      |     28% |     131MB | FCFS         |        - | rafagaRestante=6
2025-09-17 00:47:00.228 | EJECUTAR_TICK      |      2 | RUNNING      |     59% |     396MB | FCFS         |        - | rafagaRestante=5
2025-09-17 00:47:00.445 | FIN_SIMULACION     |      - | -            |       - |         - | -            |        - | 
